  [1m[35m (8.2ms)[0m  [1m[35mCREATE TABLE "schema_migrations" ("version" character varying NOT NULL PRIMARY KEY)[0m
  ↳ bin/rails:9
  [1m[35m (4.6ms)[0m  [1m[35mCREATE TABLE "ar_internal_metadata" ("key" character varying NOT NULL PRIMARY KEY, "value" character varying, "created_at" timestamp NOT NULL, "updated_at" timestamp NOT NULL)[0m
  ↳ bin/rails:9
  [1m[35m (0.4ms)[0m  [1m[34mSELECT pg_try_advisory_lock(6874411228622918085)[0m
  ↳ bin/rails:9
  [1m[35m (0.8ms)[0m  [1m[34mSELECT "schema_migrations"."version" FROM "schema_migrations" ORDER BY "schema_migrations"."version" ASC[0m
  ↳ bin/rails:9
Migrating to CreateSummoners (20190211192824)
  [1m[35m (0.3ms)[0m  [1m[35mBEGIN[0m
  ↳ bin/rails:9
  [1m[35m (0.2ms)[0m  [1m[31mROLLBACK[0m
  ↳ bin/rails:9
  [1m[35m (0.4ms)[0m  [1m[34mSELECT pg_advisory_unlock(6874411228622918085)[0m
  ↳ bin/rails:9
  [1m[35m (0.3ms)[0m  [1m[34mSELECT pg_try_advisory_lock(6874411228622918085)[0m
  ↳ bin/rails:9
  [1m[35m (1.0ms)[0m  [1m[34mSELECT "schema_migrations"."version" FROM "schema_migrations" ORDER BY "schema_migrations"."version" ASC[0m
  ↳ bin/rails:9
Migrating to CreateSummoners (20190211192824)
  [1m[35m (0.2ms)[0m  [1m[35mBEGIN[0m
  ↳ bin/rails:9
  [1m[35m (16.5ms)[0m  [1m[35mCREATE TABLE "summoners" ("id" bigserial primary key, "profileIconId" integer, "name" character varying, "puuid" character varying, "summonerLevel" integer, "accountId" character varying, "account_id" character varying, "revisionDate" integer, "created_at" timestamp NOT NULL, "updated_at" timestamp NOT NULL)[0m
  ↳ db/migrate/20190211192824_create_summoners.rb:3
  [1m[36mActiveRecord::SchemaMigration Create (1.1ms)[0m  [1m[32mINSERT INTO "schema_migrations" ("version") VALUES ($1) RETURNING "version"[0m  [["version", "20190211192824"]]
  ↳ bin/rails:9
  [1m[35m (1.7ms)[0m  [1m[35mCOMMIT[0m
  ↳ bin/rails:9
Migrating to CreateMatchHistories (20190211192834)
  [1m[35m (0.7ms)[0m  [1m[35mBEGIN[0m
  ↳ bin/rails:9
  [1m[35m (5.1ms)[0m  [1m[35mCREATE TABLE "match_histories" ("id" bigserial primary key, "game_id" integer, "account_id" integer, "created_at" timestamp NOT NULL, "updated_at" timestamp NOT NULL)[0m
  ↳ db/migrate/20190211192834_create_match_histories.rb:3
  [1m[36mActiveRecord::SchemaMigration Create (0.4ms)[0m  [1m[32mINSERT INTO "schema_migrations" ("version") VALUES ($1) RETURNING "version"[0m  [["version", "20190211192834"]]
  ↳ bin/rails:9
  [1m[35m (1.4ms)[0m  [1m[35mCOMMIT[0m
  ↳ bin/rails:9
Migrating to CreateGames (20190211192858)
  [1m[35m (0.4ms)[0m  [1m[35mBEGIN[0m
  ↳ bin/rails:9
  [1m[35m (8.3ms)[0m  [1m[35mCREATE TABLE "games" ("id" bigserial primary key, "lane" character varying, "gameId" integer, "champion" integer, "platformId" character varying, "timestamp" integer, "queue" integer, "role" character varying, "season" integer, "created_at" timestamp NOT NULL, "updated_at" timestamp NOT NULL)[0m
  ↳ db/migrate/20190211192858_create_games.rb:3
  [1m[36mActiveRecord::SchemaMigration Create (0.4ms)[0m  [1m[32mINSERT INTO "schema_migrations" ("version") VALUES ($1) RETURNING "version"[0m  [["version", "20190211192858"]]
  ↳ bin/rails:9
  [1m[35m (1.6ms)[0m  [1m[35mCOMMIT[0m
  ↳ bin/rails:9
  [1m[36mActiveRecord::InternalMetadata Load (0.7ms)[0m  [1m[34mSELECT  "ar_internal_metadata".* FROM "ar_internal_metadata" WHERE "ar_internal_metadata"."key" = $1 LIMIT $2[0m  [["key", "environment"], ["LIMIT", 1]]
  ↳ bin/rails:9
  [1m[35m (0.3ms)[0m  [1m[35mBEGIN[0m
  ↳ bin/rails:9
  [1m[36mActiveRecord::InternalMetadata Create (0.7ms)[0m  [1m[32mINSERT INTO "ar_internal_metadata" ("key", "value", "created_at", "updated_at") VALUES ($1, $2, $3, $4) RETURNING "key"[0m  [["key", "environment"], ["value", "development"], ["created_at", "2019-02-12 00:39:55.846636"], ["updated_at", "2019-02-12 00:39:55.846636"]]
  ↳ bin/rails:9
  [1m[35m (1.5ms)[0m  [1m[35mCOMMIT[0m
  ↳ bin/rails:9
  [1m[35m (0.4ms)[0m  [1m[34mSELECT pg_advisory_unlock(6874411228622918085)[0m
  ↳ bin/rails:9
  [1m[35m (0.5ms)[0m  [1m[34mSELECT "schema_migrations"."version" FROM "schema_migrations" ORDER BY "schema_migrations"."version" ASC[0m
  ↳ bin/rails:9
  [1m[36mSummoner Load (0.6ms)[0m  [1m[34mSELECT  "summoners".* FROM "summoners" LIMIT $1[0m  [["LIMIT", 11]]
  [1m[35m (1.0ms)[0m  [1m[34mSELECT "schema_migrations"."version" FROM "schema_migrations" ORDER BY "schema_migrations"."version" ASC[0m
  ↳ bin/rails:9
  [1m[35m (0.5ms)[0m  [1m[34mSELECT "ar_internal_metadata"."value" FROM "ar_internal_metadata" WHERE "ar_internal_metadata"."key" = $1[0m  [["key", "environment"]]
  ↳ bin/rails:9
  [1m[35m (0.3ms)[0m  [1m[34mSELECT "schema_migrations"."version" FROM "schema_migrations" ORDER BY "schema_migrations"."version" ASC[0m
  ↳ bin/rails:9
  [1m[35m (0.3ms)[0m  [1m[34mSELECT "ar_internal_metadata"."value" FROM "ar_internal_metadata" WHERE "ar_internal_metadata"."key" = $1[0m  [["key", "environment"]]
  ↳ bin/rails:9
  [1m[35m (0.3ms)[0m  [1m[34mSELECT "schema_migrations"."version" FROM "schema_migrations" ORDER BY "schema_migrations"."version" ASC[0m
  ↳ bin/rails:9
  [1m[35m (0.3ms)[0m  [1m[34mSELECT "ar_internal_metadata"."value" FROM "ar_internal_metadata" WHERE "ar_internal_metadata"."key" = $1[0m  [["key", "environment"]]
  ↳ bin/rails:9
  [1m[35m (155.5ms)[0m  [1m[35mDROP DATABASE IF EXISTS "simon_gg_development"[0m
  ↳ bin/rails:9
  [1m[35m (0.2ms)[0m  [1m[35mDROP DATABASE IF EXISTS "simon_gg_test"[0m
  ↳ bin/rails:9
  [1m[35m (9.9ms)[0m  [1m[35mCREATE TABLE "schema_migrations" ("version" character varying NOT NULL PRIMARY KEY)[0m
  ↳ bin/rails:9
  [1m[35m (8.0ms)[0m  [1m[35mCREATE TABLE "ar_internal_metadata" ("key" character varying NOT NULL PRIMARY KEY, "value" character varying, "created_at" timestamp NOT NULL, "updated_at" timestamp NOT NULL)[0m
  ↳ bin/rails:9
  [1m[35m (0.5ms)[0m  [1m[34mSELECT pg_try_advisory_lock(6874411228622918085)[0m
  ↳ bin/rails:9
  [1m[35m (0.8ms)[0m  [1m[34mSELECT "schema_migrations"."version" FROM "schema_migrations" ORDER BY "schema_migrations"."version" ASC[0m
  ↳ bin/rails:9
Migrating to CreateSummoners (20190211192824)
  [1m[35m (0.2ms)[0m  [1m[35mBEGIN[0m
  ↳ bin/rails:9
  [1m[35m (8.0ms)[0m  [1m[35mCREATE TABLE "summoners" ("id" bigserial primary key, "summoner_name" character varying, "created_at" timestamp NOT NULL, "updated_at" timestamp NOT NULL)[0m
  ↳ db/migrate/20190211192824_create_summoners.rb:3
  [1m[36mActiveRecord::SchemaMigration Create (0.7ms)[0m  [1m[32mINSERT INTO "schema_migrations" ("version") VALUES ($1) RETURNING "version"[0m  [["version", "20190211192824"]]
  ↳ bin/rails:9
  [1m[35m (1.3ms)[0m  [1m[35mCOMMIT[0m
  ↳ bin/rails:9
Migrating to CreateMatchHistories (20190211192834)
  [1m[35m (0.5ms)[0m  [1m[35mBEGIN[0m
  ↳ bin/rails:9
  [1m[35m (4.8ms)[0m  [1m[35mCREATE TABLE "match_histories" ("id" bigserial primary key, "game_id" integer, "account_id" integer, "created_at" timestamp NOT NULL, "updated_at" timestamp NOT NULL)[0m
  ↳ db/migrate/20190211192834_create_match_histories.rb:3
  [1m[36mActiveRecord::SchemaMigration Create (0.5ms)[0m  [1m[32mINSERT INTO "schema_migrations" ("version") VALUES ($1) RETURNING "version"[0m  [["version", "20190211192834"]]
  ↳ bin/rails:9
  [1m[35m (1.4ms)[0m  [1m[35mCOMMIT[0m
  ↳ bin/rails:9
Migrating to CreateGames (20190211192858)
  [1m[35m (0.8ms)[0m  [1m[35mBEGIN[0m
  ↳ bin/rails:9
  [1m[35m (4.7ms)[0m  [1m[35mCREATE TABLE "games" ("id" bigserial primary key, "game" integer, "created_at" timestamp NOT NULL, "updated_at" timestamp NOT NULL)[0m
  ↳ db/migrate/20190211192858_create_games.rb:3
  [1m[36mActiveRecord::SchemaMigration Create (0.5ms)[0m  [1m[32mINSERT INTO "schema_migrations" ("version") VALUES ($1) RETURNING "version"[0m  [["version", "20190211192858"]]
  ↳ bin/rails:9
  [1m[35m (1.6ms)[0m  [1m[35mCOMMIT[0m
  ↳ bin/rails:9
  [1m[36mActiveRecord::InternalMetadata Load (0.5ms)[0m  [1m[34mSELECT  "ar_internal_metadata".* FROM "ar_internal_metadata" WHERE "ar_internal_metadata"."key" = $1 LIMIT $2[0m  [["key", "environment"], ["LIMIT", 1]]
  ↳ bin/rails:9
  [1m[35m (0.2ms)[0m  [1m[35mBEGIN[0m
  ↳ bin/rails:9
  [1m[36mActiveRecord::InternalMetadata Create (0.6ms)[0m  [1m[32mINSERT INTO "ar_internal_metadata" ("key", "value", "created_at", "updated_at") VALUES ($1, $2, $3, $4) RETURNING "key"[0m  [["key", "environment"], ["value", "development"], ["created_at", "2019-02-12 00:43:11.986508"], ["updated_at", "2019-02-12 00:43:11.986508"]]
  ↳ bin/rails:9
  [1m[35m (1.2ms)[0m  [1m[35mCOMMIT[0m
  ↳ bin/rails:9
  [1m[35m (0.3ms)[0m  [1m[34mSELECT pg_advisory_unlock(6874411228622918085)[0m
  ↳ bin/rails:9
  [1m[35m (0.6ms)[0m  [1m[34mSELECT "schema_migrations"."version" FROM "schema_migrations" ORDER BY "schema_migrations"."version" ASC[0m
  ↳ bin/rails:9
  [1m[35m (0.3ms)[0m  [1m[34mSELECT pg_try_advisory_lock(6874411228622918085)[0m
  ↳ bin/rails:9
  [1m[35m (0.9ms)[0m  [1m[34mSELECT "schema_migrations"."version" FROM "schema_migrations" ORDER BY "schema_migrations"."version" ASC[0m
  ↳ bin/rails:9
Migrating to ChangeStringToSymbolSummonerName (20190212004411)
  [1m[35m (0.2ms)[0m  [1m[35mBEGIN[0m
  ↳ bin/rails:9
  [1m[35m (1.3ms)[0m  [1m[35mALTER TABLE "summoners" ALTER COLUMN "summoner_name" TYPE summoner_name[0m
  ↳ db/migrate/20190212004411_change_string_to_symbol_summoner_name.rb:3
  [1m[35m (0.2ms)[0m  [1m[31mROLLBACK[0m
  ↳ bin/rails:9
  [1m[35m (0.3ms)[0m  [1m[34mSELECT pg_advisory_unlock(6874411228622918085)[0m
  ↳ bin/rails:9
  [1m[35m (1.1ms)[0m  [1m[34mSELECT "schema_migrations"."version" FROM "schema_migrations" ORDER BY "schema_migrations"."version" ASC[0m
  ↳ bin/rails:9
  [1m[35m (0.4ms)[0m  [1m[34mSELECT "schema_migrations"."version" FROM "schema_migrations" ORDER BY "schema_migrations"."version" ASC[0m
  ↳ bin/rails:9
  [1m[35m (0.3ms)[0m  [1m[34mSELECT "schema_migrations"."version" FROM "schema_migrations" ORDER BY "schema_migrations"."version" ASC[0m
  ↳ bin/rails:9
  [1m[35m (0.3ms)[0m  [1m[34mSELECT pg_try_advisory_lock(6874411228622918085)[0m
  ↳ bin/rails:9
  [1m[35m (0.3ms)[0m  [1m[34mSELECT "schema_migrations"."version" FROM "schema_migrations" ORDER BY "schema_migrations"."version" ASC[0m
  ↳ bin/rails:9
Migrating to CreateGames (20190211192858)
  [1m[35m (0.2ms)[0m  [1m[35mBEGIN[0m
  ↳ bin/rails:9
  [1m[35m (3.2ms)[0m  [1m[35mDROP TABLE "games"[0m
  ↳ bin/rails:9
  [1m[36mActiveRecord::SchemaMigration Destroy (0.7ms)[0m  [1m[31mDELETE FROM "schema_migrations" WHERE "schema_migrations"."version" = $1[0m  [["version", "20190211192858"]]
  ↳ bin/rails:9
  [1m[35m (3.0ms)[0m  [1m[35mCOMMIT[0m
  ↳ bin/rails:9
  [1m[35m (0.4ms)[0m  [1m[34mSELECT pg_advisory_unlock(6874411228622918085)[0m
  ↳ bin/rails:9
  [1m[35m (0.4ms)[0m  [1m[34mSELECT "schema_migrations"."version" FROM "schema_migrations" ORDER BY "schema_migrations"."version" ASC[0m
  ↳ bin/rails:9
  [1m[35m (1.1ms)[0m  [1m[34mSELECT "schema_migrations"."version" FROM "schema_migrations" ORDER BY "schema_migrations"."version" ASC[0m
  ↳ bin/rails:9
  [1m[35m (0.5ms)[0m  [1m[34mSELECT "ar_internal_metadata"."value" FROM "ar_internal_metadata" WHERE "ar_internal_metadata"."key" = $1[0m  [["key", "environment"]]
  ↳ bin/rails:9
  [1m[35m (0.3ms)[0m  [1m[34mSELECT "schema_migrations"."version" FROM "schema_migrations" ORDER BY "schema_migrations"."version" ASC[0m
  ↳ bin/rails:9
  [1m[35m (0.5ms)[0m  [1m[34mSELECT "ar_internal_metadata"."value" FROM "ar_internal_metadata" WHERE "ar_internal_metadata"."key" = $1[0m  [["key", "environment"]]
  ↳ bin/rails:9
  [1m[35m (0.3ms)[0m  [1m[34mSELECT "schema_migrations"."version" FROM "schema_migrations" ORDER BY "schema_migrations"."version" ASC[0m
  ↳ bin/rails:9
  [1m[35m (0.3ms)[0m  [1m[34mSELECT "ar_internal_metadata"."value" FROM "ar_internal_metadata" WHERE "ar_internal_metadata"."key" = $1[0m  [["key", "environment"]]
  ↳ bin/rails:9
  [1m[35m (155.9ms)[0m  [1m[35mDROP DATABASE IF EXISTS "simon_gg_development"[0m
  ↳ bin/rails:9
  [1m[35m (0.2ms)[0m  [1m[35mDROP DATABASE IF EXISTS "simon_gg_test"[0m
  ↳ bin/rails:9
  [1m[35m (10.4ms)[0m  [1m[35mCREATE TABLE "schema_migrations" ("version" character varying NOT NULL PRIMARY KEY)[0m
  ↳ bin/rails:9
  [1m[35m (7.9ms)[0m  [1m[35mCREATE TABLE "ar_internal_metadata" ("key" character varying NOT NULL PRIMARY KEY, "value" character varying, "created_at" timestamp NOT NULL, "updated_at" timestamp NOT NULL)[0m
  ↳ bin/rails:9
  [1m[35m (0.6ms)[0m  [1m[34mSELECT pg_try_advisory_lock(6874411228622918085)[0m
  ↳ bin/rails:9
  [1m[35m (0.8ms)[0m  [1m[34mSELECT "schema_migrations"."version" FROM "schema_migrations" ORDER BY "schema_migrations"."version" ASC[0m
  ↳ bin/rails:9
Migrating to CreateSummoners (20190211192824)
  [1m[35m (0.2ms)[0m  [1m[35mBEGIN[0m
  ↳ bin/rails:9
  [1m[35m (7.4ms)[0m  [1m[35mCREATE TABLE "summoners" ("id" bigserial primary key, "summoner_name" character varying, "created_at" timestamp NOT NULL, "updated_at" timestamp NOT NULL)[0m
  ↳ db/migrate/20190211192824_create_summoners.rb:3
  [1m[36mActiveRecord::SchemaMigration Create (0.6ms)[0m  [1m[32mINSERT INTO "schema_migrations" ("version") VALUES ($1) RETURNING "version"[0m  [["version", "20190211192824"]]
  ↳ bin/rails:9
  [1m[35m (1.4ms)[0m  [1m[35mCOMMIT[0m
  ↳ bin/rails:9
Migrating to CreateMatchHistories (20190211192834)
  [1m[35m (0.4ms)[0m  [1m[35mBEGIN[0m
  ↳ bin/rails:9
  [1m[35m (5.4ms)[0m  [1m[35mCREATE TABLE "match_histories" ("id" bigserial primary key, "game_id" integer, "account_id" integer, "created_at" timestamp NOT NULL, "updated_at" timestamp NOT NULL)[0m
  ↳ db/migrate/20190211192834_create_match_histories.rb:3
  [1m[36mActiveRecord::SchemaMigration Create (0.7ms)[0m  [1m[32mINSERT INTO "schema_migrations" ("version") VALUES ($1) RETURNING "version"[0m  [["version", "20190211192834"]]
  ↳ bin/rails:9
  [1m[35m (1.5ms)[0m  [1m[35mCOMMIT[0m
  ↳ bin/rails:9
Migrating to CreateGames (20190211192858)
  [1m[35m (0.3ms)[0m  [1m[35mBEGIN[0m
  ↳ bin/rails:9
  [1m[35m (5.2ms)[0m  [1m[35mCREATE TABLE "games" ("id" bigserial primary key, "game" integer, "created_at" timestamp NOT NULL, "updated_at" timestamp NOT NULL)[0m
  ↳ db/migrate/20190211192858_create_games.rb:3
  [1m[36mActiveRecord::SchemaMigration Create (0.4ms)[0m  [1m[32mINSERT INTO "schema_migrations" ("version") VALUES ($1) RETURNING "version"[0m  [["version", "20190211192858"]]
  ↳ bin/rails:9
  [1m[35m (1.4ms)[0m  [1m[35mCOMMIT[0m
  ↳ bin/rails:9
  [1m[36mActiveRecord::InternalMetadata Load (0.5ms)[0m  [1m[34mSELECT  "ar_internal_metadata".* FROM "ar_internal_metadata" WHERE "ar_internal_metadata"."key" = $1 LIMIT $2[0m  [["key", "environment"], ["LIMIT", 1]]
  ↳ bin/rails:9
  [1m[35m (0.2ms)[0m  [1m[35mBEGIN[0m
  ↳ bin/rails:9
  [1m[36mActiveRecord::InternalMetadata Create (0.9ms)[0m  [1m[32mINSERT INTO "ar_internal_metadata" ("key", "value", "created_at", "updated_at") VALUES ($1, $2, $3, $4) RETURNING "key"[0m  [["key", "environment"], ["value", "development"], ["created_at", "2019-02-12 00:46:33.159645"], ["updated_at", "2019-02-12 00:46:33.159645"]]
  ↳ bin/rails:9
  [1m[35m (1.3ms)[0m  [1m[35mCOMMIT[0m
  ↳ bin/rails:9
  [1m[35m (0.5ms)[0m  [1m[34mSELECT pg_advisory_unlock(6874411228622918085)[0m
  ↳ bin/rails:9
  [1m[35m (0.4ms)[0m  [1m[34mSELECT "schema_migrations"."version" FROM "schema_migrations" ORDER BY "schema_migrations"."version" ASC[0m
  ↳ bin/rails:9
  [1m[35m (0.2ms)[0m  [1m[35mBEGIN[0m
  [1m[36mSummoner Create (1.2ms)[0m  [1m[32mINSERT INTO "summoners" ("summoner_name", "created_at", "updated_at") VALUES ($1, $2, $3) RETURNING "id"[0m  [["summoner_name", "simonoski"], ["created_at", "2019-02-12 00:46:58.130408"], ["updated_at", "2019-02-12 00:46:58.130408"]]
  [1m[35m (1.3ms)[0m  [1m[35mCOMMIT[0m
  [1m[36mSummoner Load (0.8ms)[0m  [1m[34mSELECT  "summoners".* FROM "summoners" LIMIT $1[0m  [["LIMIT", 11]]
  [1m[35m (0.7ms)[0m  [1m[34mSELECT "summoners"."id" FROM "summoners"[0m
  [1m[35m (0.3ms)[0m  [1m[35mBEGIN[0m
  [1m[36mSummoner Create (0.7ms)[0m  [1m[32mINSERT INTO "summoners" ("summoner_name", "created_at", "updated_at") VALUES ($1, $2, $3) RETURNING "id"[0m  [["summoner_name", "simonoski"], ["created_at", "2019-02-12 00:48:43.429206"], ["updated_at", "2019-02-12 00:48:43.429206"]]
  [1m[35m (1.5ms)[0m  [1m[35mCOMMIT[0m
  [1m[35m (0.2ms)[0m  [1m[35mBEGIN[0m
  [1m[36mSummoner Create (1.1ms)[0m  [1m[32mINSERT INTO "summoners" ("summoner_name", "created_at", "updated_at") VALUES ($1, $2, $3) RETURNING "id"[0m  [["summoner_name", "Simonoski"], ["created_at", "2019-02-12 00:52:13.609812"], ["updated_at", "2019-02-12 00:52:13.609812"]]
  [1m[35m (1.7ms)[0m  [1m[35mCOMMIT[0m
  [1m[35m (0.2ms)[0m  [1m[35mBEGIN[0m
  [1m[36mSummoner Create (0.8ms)[0m  [1m[32mINSERT INTO "summoners" ("summoner_name", "created_at", "updated_at") VALUES ($1, $2, $3) RETURNING "id"[0m  [["summoner_name", "Simonoski"], ["created_at", "2019-02-12 00:55:42.522285"], ["updated_at", "2019-02-12 00:55:42.522285"]]
  [1m[35m (1.3ms)[0m  [1m[35mCOMMIT[0m
  [1m[35m (0.2ms)[0m  [1m[35mBEGIN[0m
  [1m[36mSummoner Create (0.9ms)[0m  [1m[32mINSERT INTO "summoners" ("summoner_name", "created_at", "updated_at") VALUES ($1, $2, $3) RETURNING "id"[0m  [["summoner_name", "Simonoski"], ["created_at", "2019-02-12 00:58:47.716210"], ["updated_at", "2019-02-12 00:58:47.716210"]]
  [1m[35m (1.3ms)[0m  [1m[35mCOMMIT[0m
  [1m[35m (0.2ms)[0m  [1m[35mBEGIN[0m
  [1m[36mSummoner Create (0.9ms)[0m  [1m[32mINSERT INTO "summoners" ("summoner_name", "created_at", "updated_at") VALUES ($1, $2, $3) RETURNING "id"[0m  [["summoner_name", "Simonoski"], ["created_at", "2019-02-12 00:59:32.323222"], ["updated_at", "2019-02-12 00:59:32.323222"]]
  [1m[35m (1.5ms)[0m  [1m[35mCOMMIT[0m
  [1m[35m (0.3ms)[0m  [1m[35mBEGIN[0m
  [1m[36mSummoner Create (0.8ms)[0m  [1m[32mINSERT INTO "summoners" ("summoner_name", "created_at", "updated_at") VALUES ($1, $2, $3) RETURNING "id"[0m  [["summoner_name", "Simonoski"], ["created_at", "2019-02-12 01:03:37.534788"], ["updated_at", "2019-02-12 01:03:37.534788"]]
  [1m[35m (1.5ms)[0m  [1m[35mCOMMIT[0m
  [1m[35m (0.3ms)[0m  [1m[34mSELECT pg_try_advisory_lock(6874411228622918085)[0m
  ↳ bin/rails:9
  [1m[35m (0.9ms)[0m  [1m[34mSELECT "schema_migrations"."version" FROM "schema_migrations" ORDER BY "schema_migrations"."version" ASC[0m
  ↳ bin/rails:9
Migrating to RenameAccountIdToSummonerId (20190212010804)
  [1m[35m (0.2ms)[0m  [1m[35mBEGIN[0m
  ↳ bin/rails:9
  [1m[35m (0.7ms)[0m  [1m[35mALTER TABLE "match_histories" RENAME COLUMN "account_id" TO "summoner_id"[0m
  ↳ db/migrate/20190212010804_rename_account_id_to_summoner_id.rb:3
  [1m[36mActiveRecord::SchemaMigration Create (1.2ms)[0m  [1m[32mINSERT INTO "schema_migrations" ("version") VALUES ($1) RETURNING "version"[0m  [["version", "20190212010804"]]
  ↳ bin/rails:9
  [1m[35m (1.5ms)[0m  [1m[35mCOMMIT[0m
  ↳ bin/rails:9
  [1m[36mActiveRecord::InternalMetadata Load (0.5ms)[0m  [1m[34mSELECT  "ar_internal_metadata".* FROM "ar_internal_metadata" WHERE "ar_internal_metadata"."key" = $1 LIMIT $2[0m  [["key", "environment"], ["LIMIT", 1]]
  ↳ bin/rails:9
  [1m[35m (0.2ms)[0m  [1m[35mBEGIN[0m
  ↳ bin/rails:9
  [1m[35m (0.2ms)[0m  [1m[35mCOMMIT[0m
  ↳ bin/rails:9
  [1m[35m (0.3ms)[0m  [1m[34mSELECT pg_advisory_unlock(6874411228622918085)[0m
  ↳ bin/rails:9
  [1m[35m (0.4ms)[0m  [1m[34mSELECT "schema_migrations"."version" FROM "schema_migrations" ORDER BY "schema_migrations"."version" ASC[0m
  ↳ bin/rails:9
  [1m[35m (1.3ms)[0m  [1m[34mSELECT "schema_migrations"."version" FROM "schema_migrations" ORDER BY "schema_migrations"."version" ASC[0m
  ↳ bin/rails:9
  [1m[35m (0.2ms)[0m  [1m[35mBEGIN[0m
  ↳ db/seeds.rb:9
  [1m[36mSummoner Create (0.8ms)[0m  [1m[32mINSERT INTO "summoners" ("summoner_name", "created_at", "updated_at") VALUES ($1, $2, $3) RETURNING "id"[0m  [["summoner_name", "Simonoski"], ["created_at", "2019-02-12 01:09:31.590264"], ["updated_at", "2019-02-12 01:09:31.590264"]]
  ↳ db/seeds.rb:9
  [1m[35m (1.4ms)[0m  [1m[35mCOMMIT[0m
  ↳ db/seeds.rb:9
  [1m[35m (0.9ms)[0m  [1m[34mSELECT "schema_migrations"."version" FROM "schema_migrations" ORDER BY "schema_migrations"."version" ASC[0m
  ↳ bin/rails:9
  [1m[35m (0.3ms)[0m  [1m[35mBEGIN[0m
  ↳ db/seeds.rb:9
  [1m[36mSummoner Create (0.8ms)[0m  [1m[32mINSERT INTO "summoners" ("summoner_name", "created_at", "updated_at") VALUES ($1, $2, $3) RETURNING "id"[0m  [["summoner_name", "Simonoski"], ["created_at", "2019-02-12 01:09:51.522797"], ["updated_at", "2019-02-12 01:09:51.522797"]]
  ↳ db/seeds.rb:9
  [1m[35m (1.3ms)[0m  [1m[35mCOMMIT[0m
  ↳ db/seeds.rb:9
  [1m[35m (1.0ms)[0m  [1m[34mSELECT "schema_migrations"."version" FROM "schema_migrations" ORDER BY "schema_migrations"."version" ASC[0m
  ↳ bin/rails:9
  [1m[35m (0.2ms)[0m  [1m[35mBEGIN[0m
  ↳ db/seeds.rb:9
  [1m[36mSummoner Create (0.8ms)[0m  [1m[32mINSERT INTO "summoners" ("summoner_name", "created_at", "updated_at") VALUES ($1, $2, $3) RETURNING "id"[0m  [["summoner_name", "Simonoski"], ["created_at", "2019-02-12 01:09:54.732996"], ["updated_at", "2019-02-12 01:09:54.732996"]]
  ↳ db/seeds.rb:9
  [1m[35m (1.5ms)[0m  [1m[35mCOMMIT[0m
  ↳ db/seeds.rb:9
  [1m[35m (0.2ms)[0m  [1m[35mBEGIN[0m
  [1m[36mSummoner Create (0.9ms)[0m  [1m[32mINSERT INTO "summoners" ("summoner_name", "created_at", "updated_at") VALUES ($1, $2, $3) RETURNING "id"[0m  [["summoner_name", "Simonoski"], ["created_at", "2019-02-12 01:10:06.279595"], ["updated_at", "2019-02-12 01:10:06.279595"]]
  [1m[35m (1.3ms)[0m  [1m[35mCOMMIT[0m
  [1m[36mGame Load (2.7ms)[0m  [1m[34mSELECT  "games".* FROM "games" INNER JOIN "match_histories" ON "games"."id" = "match_histories"."game_id" WHERE "match_histories"."summoner_id" = $1 LIMIT $2[0m  [["summoner_id", 11], ["LIMIT", 11]]
  [1m[36mGame Load (1.2ms)[0m  [1m[34mSELECT  "games".* FROM "games" INNER JOIN "match_histories" ON "games"."id" = "match_histories"."game_id" WHERE "match_histories"."summoner_id" = $1 LIMIT $2[0m  [["summoner_id", 11], ["LIMIT", 11]]
  [1m[35m (0.2ms)[0m  [1m[35mBEGIN[0m
  [1m[36mSummoner Create (1.1ms)[0m  [1m[32mINSERT INTO "summoners" ("summoner_name", "created_at", "updated_at") VALUES ($1, $2, $3) RETURNING "id"[0m  [["summoner_name", "Simonoski"], ["created_at", "2019-02-12 01:12:48.254036"], ["updated_at", "2019-02-12 01:12:48.254036"]]
  [1m[35m (1.2ms)[0m  [1m[35mCOMMIT[0m
  [1m[35m (0.2ms)[0m  [1m[35mBEGIN[0m
  [1m[36mSummoner Create (0.8ms)[0m  [1m[32mINSERT INTO "summoners" ("summoner_name", "created_at", "updated_at") VALUES ($1, $2, $3) RETURNING "id"[0m  [["summoner_name", "Simonoski"], ["created_at", "2019-02-12 01:17:10.338778"], ["updated_at", "2019-02-12 01:17:10.338778"]]
  [1m[35m (1.3ms)[0m  [1m[35mCOMMIT[0m
  [1m[35m (0.2ms)[0m  [1m[35mBEGIN[0m
  [1m[36mSummoner Create (0.9ms)[0m  [1m[32mINSERT INTO "summoners" ("summoner_name", "created_at", "updated_at") VALUES ($1, $2, $3) RETURNING "id"[0m  [["summoner_name", "Simonoski"], ["created_at", "2019-02-12 01:21:04.498032"], ["updated_at", "2019-02-12 01:21:04.498032"]]
  [1m[35m (1.4ms)[0m  [1m[35mCOMMIT[0m
  [1m[35m (0.4ms)[0m  [1m[35mBEGIN[0m
  [1m[36mSummoner Create (0.8ms)[0m  [1m[32mINSERT INTO "summoners" ("summoner_name", "created_at", "updated_at") VALUES ($1, $2, $3) RETURNING "id"[0m  [["summoner_name", "simonoski"], ["created_at", "2019-02-12 01:22:16.970420"], ["updated_at", "2019-02-12 01:22:16.970420"]]
  [1m[35m (1.5ms)[0m  [1m[35mCOMMIT[0m
  [1m[35m (0.3ms)[0m  [1m[35mBEGIN[0m
  [1m[36mSummoner Create (0.6ms)[0m  [1m[32mINSERT INTO "summoners" ("summoner_name", "created_at", "updated_at") VALUES ($1, $2, $3) RETURNING "id"[0m  [["summoner_name", "simonoski"], ["created_at", "2019-02-12 01:22:27.658341"], ["updated_at", "2019-02-12 01:22:27.658341"]]
  [1m[35m (1.3ms)[0m  [1m[35mCOMMIT[0m
  [1m[35m (0.2ms)[0m  [1m[35mBEGIN[0m
  [1m[36mSummoner Create (0.8ms)[0m  [1m[32mINSERT INTO "summoners" ("summoner_name", "created_at", "updated_at") VALUES ($1, $2, $3) RETURNING "id"[0m  [["summoner_name", "simonoski"], ["created_at", "2019-02-12 01:26:06.623797"], ["updated_at", "2019-02-12 01:26:06.623797"]]
  [1m[35m (1.2ms)[0m  [1m[35mCOMMIT[0m
  [1m[35m (0.2ms)[0m  [1m[35mBEGIN[0m
  [1m[36mSummoner Create (0.8ms)[0m  [1m[32mINSERT INTO "summoners" ("summoner_name", "created_at", "updated_at") VALUES ($1, $2, $3) RETURNING "id"[0m  [["summoner_name", "simonoski"], ["created_at", "2019-02-12 01:27:24.108960"], ["updated_at", "2019-02-12 01:27:24.108960"]]
  [1m[35m (1.2ms)[0m  [1m[35mCOMMIT[0m
  [1m[35m (0.2ms)[0m  [1m[35mBEGIN[0m
  [1m[36mSummoner Create (0.8ms)[0m  [1m[32mINSERT INTO "summoners" ("summoner_name", "created_at", "updated_at") VALUES ($1, $2, $3) RETURNING "id"[0m  [["summoner_name", "simonoski"], ["created_at", "2019-02-12 01:28:30.382809"], ["updated_at", "2019-02-12 01:28:30.382809"]]
  [1m[35m (1.2ms)[0m  [1m[35mCOMMIT[0m
  [1m[35m (0.2ms)[0m  [1m[35mBEGIN[0m
  [1m[36mSummoner Create (0.9ms)[0m  [1m[32mINSERT INTO "summoners" ("summoner_name", "created_at", "updated_at") VALUES ($1, $2, $3) RETURNING "id"[0m  [["summoner_name", "simonoski"], ["created_at", "2019-02-12 01:30:03.850454"], ["updated_at", "2019-02-12 01:30:03.850454"]]
  [1m[35m (1.2ms)[0m  [1m[35mCOMMIT[0m
  [1m[35m (0.2ms)[0m  [1m[35mBEGIN[0m
  [1m[36mSummoner Create (0.9ms)[0m  [1m[32mINSERT INTO "summoners" ("summoner_name", "created_at", "updated_at") VALUES ($1, $2, $3) RETURNING "id"[0m  [["summoner_name", "simonoski"], ["created_at", "2019-02-12 01:34:04.671944"], ["updated_at", "2019-02-12 01:34:04.671944"]]
  [1m[35m (1.2ms)[0m  [1m[35mCOMMIT[0m
  [1m[35m (0.2ms)[0m  [1m[35mBEGIN[0m
  [1m[36mSummoner Create (0.9ms)[0m  [1m[32mINSERT INTO "summoners" ("summoner_name", "created_at", "updated_at") VALUES ($1, $2, $3) RETURNING "id"[0m  [["summoner_name", "simonoski"], ["created_at", "2019-02-12 01:38:46.219747"], ["updated_at", "2019-02-12 01:38:46.219747"]]
  [1m[35m (1.4ms)[0m  [1m[35mCOMMIT[0m
  [1m[35m (0.2ms)[0m  [1m[35mBEGIN[0m
  [1m[36mSummoner Create (0.8ms)[0m  [1m[32mINSERT INTO "summoners" ("summoner_name", "created_at", "updated_at") VALUES ($1, $2, $3) RETURNING "id"[0m  [["summoner_name", "simonoski"], ["created_at", "2019-02-12 01:42:24.439943"], ["updated_at", "2019-02-12 01:42:24.439943"]]
  [1m[35m (1.3ms)[0m  [1m[35mCOMMIT[0m
  [1m[35m (0.2ms)[0m  [1m[35mBEGIN[0m
  [1m[36mSummoner Create (0.8ms)[0m  [1m[32mINSERT INTO "summoners" ("summoner_name", "created_at", "updated_at") VALUES ($1, $2, $3) RETURNING "id"[0m  [["summoner_name", "simonoski"], ["created_at", "2019-02-12 01:43:18.274817"], ["updated_at", "2019-02-12 01:43:18.274817"]]
  [1m[35m (1.2ms)[0m  [1m[35mCOMMIT[0m
  [1m[35m (0.2ms)[0m  [1m[35mBEGIN[0m
  [1m[36mSummoner Create (4.8ms)[0m  [1m[32mINSERT INTO "summoners" ("summoner_name", "created_at", "updated_at") VALUES ($1, $2, $3) RETURNING "id"[0m  [["summoner_name", "simonoski"], ["created_at", "2019-02-12 13:50:26.335693"], ["updated_at", "2019-02-12 13:50:26.335693"]]
  [1m[35m (2.2ms)[0m  [1m[35mCOMMIT[0m
  [1m[35m (0.2ms)[0m  [1m[35mBEGIN[0m
  [1m[36mSummoner Create (0.9ms)[0m  [1m[32mINSERT INTO "summoners" ("summoner_name", "created_at", "updated_at") VALUES ($1, $2, $3) RETURNING "id"[0m  [["summoner_name", "simonoski"], ["created_at", "2019-02-12 13:51:40.230885"], ["updated_at", "2019-02-12 13:51:40.230885"]]
  [1m[35m (1.4ms)[0m  [1m[35mCOMMIT[0m
  [1m[35m (0.2ms)[0m  [1m[35mBEGIN[0m
  [1m[36mSummoner Create (1.1ms)[0m  [1m[32mINSERT INTO "summoners" ("summoner_name", "created_at", "updated_at") VALUES ($1, $2, $3) RETURNING "id"[0m  [["summoner_name", "simonoski"], ["created_at", "2019-02-12 13:59:26.661888"], ["updated_at", "2019-02-12 13:59:26.661888"]]
  [1m[35m (1.5ms)[0m  [1m[35mCOMMIT[0m
  [1m[35m (0.2ms)[0m  [1m[35mBEGIN[0m
  [1m[36mSummoner Create (0.8ms)[0m  [1m[32mINSERT INTO "summoners" ("summoner_name", "created_at", "updated_at") VALUES ($1, $2, $3) RETURNING "id"[0m  [["summoner_name", "simonoski"], ["created_at", "2019-02-12 14:01:17.516845"], ["updated_at", "2019-02-12 14:01:17.516845"]]
  [1m[35m (1.5ms)[0m  [1m[35mCOMMIT[0m
